<?xml version="1.0" encoding="UTF-8"?>
<!-- Generated by org.testng.reporters.JUnitXMLReporter -->
<testsuite ignored="0" hostname="DESKTOP-TIC5DM4" failures="0" tests="5" name="Default test" time="5.043" errors="0" timestamp="2024-08-28T18:31:32 IST">
  <testcase classname="milestone4.MileStoneAssessment4" name="testCreateUser" time="2.593"/>
  <testcase classname="milestone4.MileStoneAssessment4" name="testDeleteUser" time="0.455"/>
  <testcase classname="milestone4.MileStoneAssessment4" name="testGetUser" time="0.156"/>
  <testcase classname="milestone4.MileStoneAssessment4" name="testUpdateUserPatch" time="0.5"/>
  <testcase classname="milestone4.MileStoneAssessment4" name="testUpdateUserPut" time="0.469"/>
</testsuite> <!-- Default test -->
