<?xml version="1.0" encoding="UTF-8"?>
<testng-results ignored="0" total="5" passed="5" failed="0" skipped="0">
  <reporter-output>
  </reporter-output>
  <suite started-at="2024-08-28T18:31:27 IST" name="Default suite" finished-at="2024-08-28T18:31:32 IST" duration-ms="5043">
    <groups>
    </groups>
    <test started-at="2024-08-28T18:31:27 IST" name="Default test" finished-at="2024-08-28T18:31:32 IST" duration-ms="5043">
      <class name="milestone4.MileStoneAssessment4">
        <test-method is-config="true" signature="setup()[pri:0, instance:milestone4.MileStoneAssessment4@175c2241]" started-at="2024-08-28T18:31:27 IST" name="setup" finished-at="2024-08-28T18:31:28 IST" duration-ms="801" status="PASS">
          <reporter-output>
          </reporter-output>
        </test-method> <!-- setup -->
        <test-method signature="testCreateUser()[pri:0, instance:milestone4.MileStoneAssessment4@175c2241]" started-at="2024-08-28T18:31:28 IST" name="testCreateUser" finished-at="2024-08-28T18:31:30 IST" duration-ms="2593" status="PASS">
          <reporter-output>
          </reporter-output>
        </test-method> <!-- testCreateUser -->
        <test-method signature="testDeleteUser()[pri:0, instance:milestone4.MileStoneAssessment4@175c2241]" started-at="2024-08-28T18:31:30 IST" name="testDeleteUser" finished-at="2024-08-28T18:31:31 IST" duration-ms="455" status="PASS">
          <reporter-output>
          </reporter-output>
        </test-method> <!-- testDeleteUser -->
        <test-method signature="testGetUser()[pri:0, instance:milestone4.MileStoneAssessment4@175c2241]" started-at="2024-08-28T18:31:31 IST" name="testGetUser" finished-at="2024-08-28T18:31:31 IST" duration-ms="156" status="PASS">
          <reporter-output>
          </reporter-output>
        </test-method> <!-- testGetUser -->
        <test-method signature="testUpdateUserPatch()[pri:0, instance:milestone4.MileStoneAssessment4@175c2241]" started-at="2024-08-28T18:31:31 IST" name="testUpdateUserPatch" finished-at="2024-08-28T18:31:31 IST" duration-ms="500" status="PASS">
          <reporter-output>
          </reporter-output>
        </test-method> <!-- testUpdateUserPatch -->
        <test-method signature="testUpdateUserPut()[pri:0, instance:milestone4.MileStoneAssessment4@175c2241]" started-at="2024-08-28T18:31:31 IST" name="testUpdateUserPut" finished-at="2024-08-28T18:31:32 IST" duration-ms="469" status="PASS">
          <reporter-output>
          </reporter-output>
        </test-method> <!-- testUpdateUserPut -->
      </class> <!-- milestone4.MileStoneAssessment4 -->
    </test> <!-- Default test -->
  </suite> <!-- Default suite -->
</testng-results>
